Start testing: Jan 06 09:36 UTC
----------------------------------------------------------
1/1 Testing: openspm.unit
1/1 Test: openspm.unit
Command: "/home/runner/work/Openspm/Openspm/build-test/tests/openspm_tests"
Directory: /home/runner/work/Openspm/Openspm/build-test/tests
"openspm.unit" start time: Jan 06 09:36 UTC
Output:
----------------------------------------------------------
[0m[1;34m+---------------+[0m[0m
[0m[1;34m|[0m  [1;36mOpenSPM      [1;34m|[0m[0m
[0m[1;34m|[0m  [0;32mv0.1.1-dev-  [1;34m|[0m[0m
[0m[1;34m+---------------+[0m[0m
Linux runnervmh13bl 6.11.0-1018-azure #18~24.04.1-Ubuntu SMP Sat Jun 28 04:46:03 UTC 2025 x86_64 x86_64 x86_64 GNU/Linux
[0mFound GCC[0m
[0mSaving config to /etc/openspm/config.yaml[0m
[0mE: Failed to create directories for config file: filesystem error: cannot create directories: Permission denied [/etc/openspm][0m
[0;33mConfig file does not exist. Using default configuration.
[0mGET https://testing.openspm.org/repository.yaml [0][0m
[0mE: Failed to get repository info from URL: https://testing.openspm.org[0m
test failed
<end of output>
Test time =   0.06 sec
----------------------------------------------------------
Test Failed.
"openspm.unit" end time: Jan 06 09:36 UTC
"openspm.unit" time elapsed: 00:00:00
----------------------------------------------------------

End testing: Jan 06 09:36 UTC
